<?xml version="1.0" encoding="UTF-8"?>
<robot generator="Robot 5.0.1 (Python 3.10.5 on win32)" generated="20221126 22:08:33.961" rpa="false" schemaversion="3">
<suite id="s1" name="Suite" source="C:\Users\Andreza\code\youTube\suite.robot">
<test id="s1-t1" name="Cenário 1: Acesso o site do youtube" line="8">
<kw name="Dado que eu acesso o site do YouTube" library="youTube">
<kw name="Open Browser" library="SeleniumLibrary">
<arg>${URL}</arg>
<arg>${Browser}</arg>
<doc>Opens a new browser instance to the optional ``url``.</doc>
<msg timestamp="20221126 22:08:34.167" level="INFO">Opening browser 'gc' to base url 'https://www.youtube.com/'.</msg>
<status status="PASS" starttime="20221126 22:08:34.166" endtime="20221126 22:08:38.458"/>
</kw>
<kw name="Maximize Browser Window" library="SeleniumLibrary">
<doc>Maximizes current browser window.</doc>
<status status="PASS" starttime="20221126 22:08:38.458" endtime="20221126 22:08:38.764"/>
</kw>
<status status="PASS" starttime="20221126 22:08:34.166" endtime="20221126 22:08:38.764"/>
</kw>
<status status="PASS" starttime="20221126 22:08:34.166" endtime="20221126 22:08:38.765"/>
</test>
<test id="s1-t2" name="Cenário 2: Executar vídeo no site do youTube" line="10">
<kw name="Quando digita o nome da música" library="interacao">
<kw name="Input Text" library="SeleniumLibrary">
<arg>${Input_Pesquisa}</arg>
<arg>${NomeDaMusica}</arg>
<doc>Types the given ``text`` into the text field identified by ``locator``.</doc>
<msg timestamp="20221126 22:08:38.768" level="INFO">Typing text 'Black (Live) - MTV Unplugged - Pearl Jam' into text field '//input[@id="search"]'.</msg>
<status status="PASS" starttime="20221126 22:08:38.767" endtime="20221126 22:08:39.298"/>
</kw>
<status status="PASS" starttime="20221126 22:08:38.767" endtime="20221126 22:08:39.298"/>
</kw>
<kw name="E clico no botão buscar" library="interacao">
<kw name="Click Element" library="SeleniumLibrary">
<arg>${Button_Pesquisa}</arg>
<doc>Click the element identified by ``locator``.</doc>
<msg timestamp="20221126 22:08:39.299" level="INFO">Clicking element '//button[@id="search-icon-legacy"]'.</msg>
<status status="PASS" starttime="20221126 22:08:39.299" endtime="20221126 22:08:39.410"/>
</kw>
<status status="PASS" starttime="20221126 22:08:39.299" endtime="20221126 22:08:39.411"/>
</kw>
<kw name="E clico na peimeia opção da lista" library="interacao">
<kw name="Wait Until Element Is Visible" library="SeleniumLibrary">
<arg>${Primeiro}</arg>
<arg>20</arg>
<doc>Waits until the element ``locator`` is visible.</doc>
<status status="PASS" starttime="20221126 22:08:39.412" endtime="20221126 22:08:40.659"/>
</kw>
<kw name="Click Element" library="SeleniumLibrary">
<arg>${Primeiro}</arg>
<doc>Click the element identified by ``locator``.</doc>
<msg timestamp="20221126 22:08:40.660" level="INFO">Clicking element '(//yt-formatted-string[@class="style-scope ytd-video-renderer"])[1]'.</msg>
<status status="PASS" starttime="20221126 22:08:40.659" endtime="20221126 22:08:40.823"/>
</kw>
<status status="PASS" starttime="20221126 22:08:39.412" endtime="20221126 22:08:40.823"/>
</kw>
<kw name="Então o video é executado" library="interacao">
<kw name="Wait Until Element Is Visible" library="SeleniumLibrary">
<arg>${Prova}</arg>
<arg>20</arg>
<doc>Waits until the element ``locator`` is visible.</doc>
<status status="PASS" starttime="20221126 22:08:40.824" endtime="20221126 22:08:42.044"/>
</kw>
<kw name="Element Should Be Visible" library="SeleniumLibrary">
<arg>${Prova}</arg>
<doc>Verifies that the element identified by ``locator`` is visible.</doc>
<msg timestamp="20221126 22:08:42.177" level="INFO">Element '//img[@src="https://yt3.ggpht.com/ytc/AMLnZu8ey9CmKyjrr7cr0CqwiV9wudOgJn1-cvl7WQMQ=s48-c-k-c0x00ffffff-no-rj-mo"]' is displayed.</msg>
<status status="PASS" starttime="20221126 22:08:42.044" endtime="20221126 22:08:42.177"/>
</kw>
<kw name="Sleep" library="BuiltIn">
<arg>10s</arg>
<doc>Pauses the test executed for the given time.</doc>
<msg timestamp="20221126 22:08:52.181" level="INFO">Slept 10 seconds</msg>
<status status="PASS" starttime="20221126 22:08:42.177" endtime="20221126 22:08:52.181"/>
</kw>
<kw name="Capture Page Screenshot" library="SeleniumLibrary">
<doc>Takes a screenshot of the current page and embeds it into a log file.</doc>
<msg timestamp="20221126 22:08:52.706" level="INFO" html="true">&lt;/td&gt;&lt;/tr&gt;&lt;tr&gt;&lt;td colspan="3"&gt;&lt;a href="selenium-screenshot-1.png"&gt;&lt;img src="selenium-screenshot-1.png" width="800px"&gt;&lt;/a&gt;</msg>
<status status="PASS" starttime="20221126 22:08:52.181" endtime="20221126 22:08:52.706"/>
</kw>
<kw name="Close Browser" library="SeleniumLibrary">
<doc>Closes the current browser.</doc>
<status status="PASS" starttime="20221126 22:08:52.706" endtime="20221126 22:08:54.867"/>
</kw>
<status status="PASS" starttime="20221126 22:08:40.824" endtime="20221126 22:08:54.867"/>
</kw>
<status status="PASS" starttime="20221126 22:08:38.766" endtime="20221126 22:08:54.868"/>
</test>
<status status="PASS" starttime="20221126 22:08:33.962" endtime="20221126 22:08:54.869"/>
</suite>
<statistics>
<total>
<stat pass="2" fail="0" skip="0">All Tests</stat>
</total>
<tag>
</tag>
<suite>
<stat pass="2" fail="0" skip="0" id="s1" name="Suite">Suite</stat>
</suite>
</statistics>
<errors>
</errors>
</robot>
